2022/06/24 17:52:40 [notice] 1#1: using the "epoll" event method
2022/06/24 17:52:40 [notice] 1#1: nginx/1.23.0
2022/06/24 17:52:40 [notice] 1#1: built by gcc 10.2.1 20210110 (Debian 10.2.1-6) 
2022/06/24 17:52:40 [notice] 1#1: OS: Linux 5.15.48-1-MANJARO
2022/06/24 17:52:40 [notice] 1#1: getrlimit(RLIMIT_NOFILE): 1048576:1048576
2022/06/24 17:52:40 [notice] 1#1: start worker processes
2022/06/24 17:52:40 [notice] 1#1: start worker process 31
2022/06/24 17:52:40 [notice] 1#1: start worker process 32
2022/06/24 17:52:40 [notice] 1#1: start worker process 33
2022/06/24 17:52:40 [notice] 1#1: start worker process 34
2022/06/24 20:07:25 [notice] 1#1: signal 3 (SIGQUIT) received, shutting down
2022/06/24 20:07:25 [notice] 33#33: gracefully shutting down
2022/06/24 20:07:25 [notice] 33#33: exiting
2022/06/24 20:07:25 [notice] 31#31: gracefully shutting down
2022/06/24 20:07:25 [notice] 31#31: exiting
2022/06/24 20:07:25 [notice] 32#32: gracefully shutting down
2022/06/24 20:07:25 [notice] 31#31: exit
2022/06/24 20:07:25 [notice] 33#33: exit
2022/06/24 20:07:25 [notice] 32#32: exiting
2022/06/24 20:07:25 [notice] 32#32: exit
2022/06/24 20:07:25 [notice] 34#34: gracefully shutting down
2022/06/24 20:07:25 [notice] 34#34: exiting
2022/06/24 20:07:25 [notice] 34#34: exit
2022/06/24 20:07:25 [notice] 1#1: signal 17 (SIGCHLD) received from 33
2022/06/24 20:07:25 [notice] 1#1: worker process 33 exited with code 0
2022/06/24 20:07:25 [notice] 1#1: signal 29 (SIGIO) received
2022/06/24 20:07:25 [notice] 1#1: signal 17 (SIGCHLD) received from 34
2022/06/24 20:07:25 [notice] 1#1: worker process 34 exited with code 0
2022/06/24 20:07:25 [notice] 1#1: signal 29 (SIGIO) received
2022/06/24 20:07:25 [notice] 1#1: signal 17 (SIGCHLD) received from 32
2022/06/24 20:07:25 [notice] 1#1: worker process 32 exited with code 0
2022/06/24 20:07:25 [notice] 1#1: signal 29 (SIGIO) received
2022/06/24 20:07:26 [notice] 1#1: signal 17 (SIGCHLD) received from 31
2022/06/24 20:07:26 [notice] 1#1: worker process 31 exited with code 0
2022/06/24 20:07:26 [notice] 1#1: exit
2022/06/25 07:17:07 [notice] 1#1: using the "epoll" event method
2022/06/25 07:17:07 [notice] 1#1: nginx/1.23.0
2022/06/25 07:17:07 [notice] 1#1: built by gcc 10.2.1 20210110 (Debian 10.2.1-6) 
2022/06/25 07:17:07 [notice] 1#1: OS: Linux 5.15.48-1-MANJARO
2022/06/25 07:17:07 [notice] 1#1: getrlimit(RLIMIT_NOFILE): 1048576:1048576
2022/06/25 07:17:07 [notice] 1#1: start worker processes
2022/06/25 07:17:07 [notice] 1#1: start worker process 31
2022/06/25 07:17:07 [notice] 1#1: start worker process 32
2022/06/25 07:17:07 [notice] 1#1: start worker process 33
2022/06/25 07:17:07 [notice] 1#1: start worker process 34
2022/06/25 07:34:37 [notice] 1#1: signal 3 (SIGQUIT) received, shutting down
2022/06/25 07:34:37 [notice] 31#31: gracefully shutting down
2022/06/25 07:34:37 [notice] 31#31: exiting
2022/06/25 07:34:37 [notice] 31#31: exit
2022/06/25 07:34:37 [notice] 32#32: gracefully shutting down
2022/06/25 07:34:37 [notice] 32#32: exiting
2022/06/25 07:34:37 [notice] 32#32: exit
2022/06/25 07:34:37 [notice] 33#33: gracefully shutting down
2022/06/25 07:34:37 [notice] 33#33: exiting
2022/06/25 07:34:37 [notice] 33#33: exit
2022/06/25 07:34:37 [notice] 34#34: gracefully shutting down
2022/06/25 07:34:37 [notice] 34#34: exiting
2022/06/25 07:34:37 [notice] 34#34: exit
2022/06/25 07:34:37 [notice] 1#1: signal 17 (SIGCHLD) received from 31
2022/06/25 07:34:37 [notice] 1#1: worker process 31 exited with code 0
2022/06/25 07:34:37 [notice] 1#1: signal 29 (SIGIO) received
2022/06/25 07:34:37 [notice] 1#1: signal 17 (SIGCHLD) received from 34
2022/06/25 07:34:37 [notice] 1#1: worker process 33 exited with code 0
2022/06/25 07:34:37 [notice] 1#1: worker process 34 exited with code 0
2022/06/25 07:34:37 [notice] 1#1: signal 29 (SIGIO) received
2022/06/25 07:34:37 [notice] 1#1: signal 17 (SIGCHLD) received from 33
2022/06/25 07:34:37 [notice] 1#1: signal 17 (SIGCHLD) received from 32
2022/06/25 07:34:37 [notice] 1#1: worker process 32 exited with code 0
2022/06/25 07:34:37 [notice] 1#1: exit
2022/06/25 07:34:39 [notice] 1#1: using the "epoll" event method
2022/06/25 07:34:39 [notice] 1#1: nginx/1.23.0
2022/06/25 07:34:39 [notice] 1#1: built by gcc 10.2.1 20210110 (Debian 10.2.1-6) 
2022/06/25 07:34:39 [notice] 1#1: OS: Linux 5.15.48-1-MANJARO
2022/06/25 07:34:39 [notice] 1#1: getrlimit(RLIMIT_NOFILE): 1048576:1048576
2022/06/25 07:34:39 [notice] 1#1: start worker processes
2022/06/25 07:34:39 [notice] 1#1: start worker process 30
2022/06/25 07:34:39 [notice] 1#1: start worker process 31
2022/06/25 07:34:39 [notice] 1#1: start worker process 32
2022/06/25 07:34:39 [notice] 1#1: start worker process 33
2022/06/25 07:36:18 [notice] 1#1: signal 3 (SIGQUIT) received, shutting down
2022/06/25 07:36:18 [notice] 31#31: gracefully shutting down
2022/06/25 07:36:18 [notice] 31#31: exiting
2022/06/25 07:36:18 [notice] 32#32: gracefully shutting down
2022/06/25 07:36:18 [notice] 32#32: exiting
2022/06/25 07:36:18 [notice] 31#31: exit
2022/06/25 07:36:18 [notice] 30#30: gracefully shutting down
2022/06/25 07:36:18 [notice] 32#32: exit
2022/06/25 07:36:18 [notice] 30#30: exiting
2022/06/25 07:36:18 [notice] 30#30: exit
2022/06/25 07:36:18 [notice] 33#33: gracefully shutting down
2022/06/25 07:36:18 [notice] 33#33: exiting
2022/06/25 07:36:18 [notice] 33#33: exit
2022/06/25 07:36:18 [notice] 1#1: signal 17 (SIGCHLD) received from 32
2022/06/25 07:36:18 [notice] 1#1: worker process 32 exited with code 0
2022/06/25 07:36:18 [notice] 1#1: signal 29 (SIGIO) received
2022/06/25 07:36:18 [notice] 1#1: signal 17 (SIGCHLD) received from 31
2022/06/25 07:36:18 [notice] 1#1: worker process 31 exited with code 0
2022/06/25 07:36:18 [notice] 1#1: worker process 33 exited with code 0
2022/06/25 07:36:18 [notice] 1#1: signal 29 (SIGIO) received
2022/06/25 07:36:18 [notice] 1#1: signal 17 (SIGCHLD) received from 33
2022/06/25 07:36:18 [notice] 1#1: signal 17 (SIGCHLD) received from 30
2022/06/25 07:36:18 [notice] 1#1: worker process 30 exited with code 0
2022/06/25 07:36:18 [notice] 1#1: exit
2022/06/25 07:36:20 [notice] 1#1: using the "epoll" event method
2022/06/25 07:36:20 [notice] 1#1: nginx/1.23.0
2022/06/25 07:36:20 [notice] 1#1: built by gcc 10.2.1 20210110 (Debian 10.2.1-6) 
2022/06/25 07:36:20 [notice] 1#1: OS: Linux 5.15.48-1-MANJARO
2022/06/25 07:36:20 [notice] 1#1: getrlimit(RLIMIT_NOFILE): 1048576:1048576
2022/06/25 07:36:20 [notice] 1#1: start worker processes
2022/06/25 07:36:20 [notice] 1#1: start worker process 30
2022/06/25 07:36:20 [notice] 1#1: start worker process 31
2022/06/25 07:36:20 [notice] 1#1: start worker process 32
2022/06/25 07:36:20 [notice] 1#1: start worker process 33
2022/06/25 20:42:53 [notice] 1#1: signal 3 (SIGQUIT) received, shutting down
2022/06/25 20:42:53 [notice] 30#30: gracefully shutting down
2022/06/25 20:42:53 [notice] 31#31: gracefully shutting down
2022/06/25 20:42:53 [notice] 30#30: exiting
2022/06/25 20:42:53 [notice] 31#31: exiting
2022/06/25 20:42:53 [notice] 33#33: gracefully shutting down
2022/06/25 20:42:53 [notice] 33#33: exiting
2022/06/25 20:42:53 [notice] 32#32: gracefully shutting down
2022/06/25 20:42:53 [notice] 32#32: exiting
2022/06/25 20:42:53 [notice] 33#33: exit
2022/06/25 20:42:53 [notice] 31#31: exit
2022/06/25 20:42:53 [notice] 30#30: exit
2022/06/25 20:42:53 [notice] 32#32: exit
2022/06/25 20:42:53 [notice] 1#1: signal 17 (SIGCHLD) received from 32
2022/06/25 20:42:53 [notice] 1#1: worker process 32 exited with code 0
2022/06/25 20:42:53 [notice] 1#1: signal 29 (SIGIO) received
2022/06/25 20:42:53 [notice] 1#1: signal 17 (SIGCHLD) received from 31
2022/06/25 20:42:53 [notice] 1#1: worker process 30 exited with code 0
2022/06/25 20:42:53 [notice] 1#1: worker process 31 exited with code 0
2022/06/25 20:42:53 [notice] 1#1: worker process 33 exited with code 0
2022/06/25 20:42:53 [notice] 1#1: exit
2022/06/26 10:07:28 [notice] 1#1: using the "epoll" event method
2022/06/26 10:07:28 [notice] 1#1: nginx/1.23.0
2022/06/26 10:07:28 [notice] 1#1: built by gcc 10.2.1 20210110 (Debian 10.2.1-6) 
2022/06/26 10:07:28 [notice] 1#1: OS: Linux 5.15.48-1-MANJARO
2022/06/26 10:07:28 [notice] 1#1: getrlimit(RLIMIT_NOFILE): 1048576:1048576
2022/06/26 10:07:28 [notice] 1#1: start worker processes
2022/06/26 10:07:28 [notice] 1#1: start worker process 30
2022/06/26 10:07:28 [notice] 1#1: start worker process 31
2022/06/26 10:07:28 [notice] 1#1: start worker process 32
2022/06/26 10:07:28 [notice] 1#1: start worker process 33
2022/06/26 17:30:02 [notice] 1#1: signal 3 (SIGQUIT) received, shutting down
2022/06/26 17:30:02 [notice] 31#31: gracefully shutting down
2022/06/26 17:30:02 [notice] 30#30: gracefully shutting down
2022/06/26 17:30:02 [notice] 32#32: gracefully shutting down
2022/06/26 17:30:02 [notice] 31#31: exiting
2022/06/26 17:30:02 [notice] 30#30: exiting
2022/06/26 17:30:02 [notice] 32#32: exiting
2022/06/26 17:30:02 [notice] 31#31: exit
2022/06/26 17:30:02 [notice] 30#30: exit
2022/06/26 17:30:02 [notice] 32#32: exit
2022/06/26 17:30:02 [notice] 33#33: gracefully shutting down
2022/06/26 17:30:02 [notice] 33#33: exiting
2022/06/26 17:30:02 [notice] 33#33: exit
2022/06/26 17:30:02 [notice] 1#1: signal 17 (SIGCHLD) received from 32
2022/06/26 17:30:02 [notice] 1#1: worker process 32 exited with code 0
2022/06/26 17:30:02 [notice] 1#1: signal 29 (SIGIO) received
2022/06/26 17:30:02 [notice] 1#1: signal 17 (SIGCHLD) received from 31
2022/06/26 17:30:02 [notice] 1#1: worker process 31 exited with code 0
2022/06/26 17:30:02 [notice] 1#1: signal 29 (SIGIO) received
2022/06/26 17:30:02 [notice] 1#1: signal 17 (SIGCHLD) received from 30
2022/06/26 17:30:02 [notice] 1#1: worker process 30 exited with code 0
2022/06/26 17:30:02 [notice] 1#1: signal 29 (SIGIO) received
2022/06/26 17:30:02 [notice] 1#1: signal 17 (SIGCHLD) received from 33
2022/06/26 17:30:02 [notice] 1#1: worker process 33 exited with code 0
2022/06/26 17:30:02 [notice] 1#1: exit
2022/06/28 10:23:19 [notice] 1#1: using the "epoll" event method
2022/06/28 10:23:19 [notice] 1#1: nginx/1.23.0
2022/06/28 10:23:19 [notice] 1#1: built by gcc 10.2.1 20210110 (Debian 10.2.1-6) 
2022/06/28 10:23:19 [notice] 1#1: OS: Linux 5.15.49-1-MANJARO
2022/06/28 10:23:19 [notice] 1#1: getrlimit(RLIMIT_NOFILE): 1048576:1048576
2022/06/28 10:23:19 [notice] 1#1: start worker processes
2022/06/28 10:23:19 [notice] 1#1: start worker process 30
2022/06/28 10:23:19 [notice] 1#1: start worker process 31
2022/06/28 10:23:19 [notice] 1#1: start worker process 32
2022/06/28 10:23:19 [notice] 1#1: start worker process 33
2022/07/01 12:39:37 [notice] 1#1: using the "epoll" event method
2022/07/01 12:39:37 [notice] 1#1: nginx/1.23.0
2022/07/01 12:39:37 [notice] 1#1: built by gcc 10.2.1 20210110 (Debian 10.2.1-6) 
2022/07/01 12:39:37 [notice] 1#1: OS: Linux 5.15.49-1-MANJARO
2022/07/01 12:39:37 [notice] 1#1: getrlimit(RLIMIT_NOFILE): 1048576:1048576
2022/07/01 12:39:37 [notice] 1#1: start worker processes
2022/07/01 12:39:37 [notice] 1#1: start worker process 31
2022/07/01 12:39:37 [notice] 1#1: start worker process 32
2022/07/01 12:39:37 [notice] 1#1: start worker process 33
2022/07/01 12:39:37 [notice] 1#1: start worker process 34
2022/07/01 19:47:29 [notice] 1#1: signal 3 (SIGQUIT) received, shutting down
2022/07/01 19:47:29 [notice] 32#32: gracefully shutting down
2022/07/01 19:47:29 [notice] 33#33: gracefully shutting down
2022/07/01 19:47:29 [notice] 32#32: exiting
2022/07/01 19:47:29 [notice] 33#33: exiting
2022/07/01 19:47:29 [notice] 33#33: exit
2022/07/01 19:47:29 [notice] 32#32: exit
2022/07/01 19:47:29 [notice] 31#31: gracefully shutting down
2022/07/01 19:47:29 [notice] 31#31: exiting
2022/07/01 19:47:29 [notice] 31#31: exit
2022/07/01 19:47:29 [notice] 34#34: gracefully shutting down
2022/07/01 19:47:29 [notice] 34#34: exiting
2022/07/01 19:47:29 [notice] 34#34: exit
2022/07/01 19:47:29 [notice] 1#1: signal 17 (SIGCHLD) received from 33
2022/07/01 19:47:29 [notice] 1#1: worker process 33 exited with code 0
2022/07/01 19:47:29 [notice] 1#1: signal 29 (SIGIO) received
2022/07/01 19:47:29 [notice] 1#1: signal 17 (SIGCHLD) received from 34
2022/07/01 19:47:29 [notice] 1#1: worker process 34 exited with code 0
2022/07/01 19:47:29 [notice] 1#1: signal 29 (SIGIO) received
2022/07/01 19:47:29 [notice] 1#1: signal 17 (SIGCHLD) received from 31
2022/07/01 19:47:29 [notice] 1#1: worker process 31 exited with code 0
2022/07/01 19:47:29 [notice] 1#1: signal 29 (SIGIO) received
2022/07/01 19:47:29 [notice] 1#1: signal 17 (SIGCHLD) received from 32
2022/07/01 19:47:29 [notice] 1#1: worker process 32 exited with code 0
2022/07/01 19:47:29 [notice] 1#1: exit
2022/07/07 05:20:03 [notice] 1#1: using the "epoll" event method
2022/07/07 05:20:03 [notice] 1#1: nginx/1.23.0
2022/07/07 05:20:03 [notice] 1#1: built by gcc 10.2.1 20210110 (Debian 10.2.1-6) 
2022/07/07 05:20:03 [notice] 1#1: OS: Linux 5.15.49-1-MANJARO
2022/07/07 05:20:03 [notice] 1#1: getrlimit(RLIMIT_NOFILE): 1048576:1048576
2022/07/07 05:20:03 [notice] 1#1: start worker processes
2022/07/07 05:20:03 [notice] 1#1: start worker process 31
2022/07/07 05:20:03 [notice] 1#1: start worker process 32
2022/07/07 05:20:03 [notice] 1#1: start worker process 33
2022/07/07 05:20:03 [notice] 1#1: start worker process 34
2022/07/07 08:06:33 [notice] 1#1: using the "epoll" event method
2022/07/07 08:06:33 [notice] 1#1: nginx/1.23.0
2022/07/07 08:06:33 [notice] 1#1: built by gcc 10.2.1 20210110 (Debian 10.2.1-6) 
2022/07/07 08:06:33 [notice] 1#1: OS: Linux 5.15.49-1-MANJARO
2022/07/07 08:06:33 [notice] 1#1: getrlimit(RLIMIT_NOFILE): 1048576:1048576
2022/07/07 08:06:33 [notice] 1#1: start worker processes
2022/07/07 08:06:33 [notice] 1#1: start worker process 29
2022/07/07 08:06:33 [notice] 1#1: start worker process 30
2022/07/07 08:06:33 [notice] 1#1: start worker process 31
2022/07/07 08:06:33 [notice] 1#1: start worker process 32
2022/07/07 08:09:52 [notice] 1#1: signal 3 (SIGQUIT) received, shutting down
2022/07/07 08:09:52 [notice] 30#30: gracefully shutting down
2022/07/07 08:09:52 [notice] 29#29: gracefully shutting down
2022/07/07 08:09:52 [notice] 30#30: exiting
2022/07/07 08:09:52 [notice] 29#29: exiting
2022/07/07 08:09:52 [notice] 30#30: exit
2022/07/07 08:09:52 [notice] 29#29: exit
2022/07/07 08:09:52 [notice] 31#31: gracefully shutting down
2022/07/07 08:09:52 [notice] 32#32: gracefully shutting down
2022/07/07 08:09:52 [notice] 31#31: exiting
2022/07/07 08:09:52 [notice] 32#32: exiting
2022/07/07 08:09:52 [notice] 31#31: exit
2022/07/07 08:09:52 [notice] 32#32: exit
2022/07/07 08:09:52 [notice] 1#1: signal 17 (SIGCHLD) received from 32
2022/07/07 08:09:52 [notice] 1#1: worker process 31 exited with code 0
2022/07/07 08:09:52 [notice] 1#1: worker process 32 exited with code 0
2022/07/07 08:09:52 [notice] 1#1: signal 29 (SIGIO) received
2022/07/07 08:09:52 [notice] 1#1: signal 17 (SIGCHLD) received from 30
2022/07/07 08:09:52 [notice] 1#1: worker process 29 exited with code 0
2022/07/07 08:09:52 [notice] 1#1: worker process 30 exited with code 0
2022/07/07 08:09:52 [notice] 1#1: exit
2022/07/07 08:09:53 [notice] 1#1: using the "epoll" event method
2022/07/07 08:09:53 [notice] 1#1: nginx/1.23.0
2022/07/07 08:09:53 [notice] 1#1: built by gcc 10.2.1 20210110 (Debian 10.2.1-6) 
2022/07/07 08:09:53 [notice] 1#1: OS: Linux 5.15.49-1-MANJARO
2022/07/07 08:09:53 [notice] 1#1: getrlimit(RLIMIT_NOFILE): 1048576:1048576
2022/07/07 08:09:53 [notice] 1#1: start worker processes
2022/07/07 08:09:53 [notice] 1#1: start worker process 30
2022/07/07 08:09:53 [notice] 1#1: start worker process 31
2022/07/07 08:09:53 [notice] 1#1: start worker process 32
2022/07/07 08:09:53 [notice] 1#1: start worker process 33
2022/07/07 08:11:33 [notice] 1#1: signal 3 (SIGQUIT) received, shutting down
2022/07/07 08:11:33 [notice] 30#30: gracefully shutting down
2022/07/07 08:11:33 [notice] 33#33: gracefully shutting down
2022/07/07 08:11:33 [notice] 30#30: exiting
2022/07/07 08:11:33 [notice] 33#33: exiting
2022/07/07 08:11:33 [notice] 30#30: exit
2022/07/07 08:11:33 [notice] 33#33: exit
2022/07/07 08:11:33 [notice] 32#32: gracefully shutting down
2022/07/07 08:11:33 [notice] 32#32: exiting
2022/07/07 08:11:33 [notice] 32#32: exit
2022/07/07 08:11:33 [notice] 31#31: gracefully shutting down
2022/07/07 08:11:33 [notice] 31#31: exiting
2022/07/07 08:11:33 [notice] 31#31: exit
2022/07/07 08:11:33 [notice] 1#1: signal 17 (SIGCHLD) received from 32
2022/07/07 08:11:33 [notice] 1#1: worker process 31 exited with code 0
2022/07/07 08:11:33 [notice] 1#1: worker process 32 exited with code 0
2022/07/07 08:11:33 [notice] 1#1: signal 29 (SIGIO) received
2022/07/07 08:11:33 [notice] 1#1: signal 17 (SIGCHLD) received from 31
2022/07/07 08:11:33 [notice] 1#1: signal 17 (SIGCHLD) received from 33
2022/07/07 08:11:33 [notice] 1#1: worker process 33 exited with code 0
2022/07/07 08:11:33 [notice] 1#1: signal 29 (SIGIO) received
2022/07/07 08:11:33 [notice] 1#1: signal 17 (SIGCHLD) received from 30
2022/07/07 08:11:33 [notice] 1#1: worker process 30 exited with code 0
2022/07/07 08:11:33 [notice] 1#1: exit
2022/07/07 08:11:36 [notice] 1#1: using the "epoll" event method
2022/07/07 08:11:36 [notice] 1#1: nginx/1.23.0
2022/07/07 08:11:36 [notice] 1#1: built by gcc 10.2.1 20210110 (Debian 10.2.1-6) 
2022/07/07 08:11:36 [notice] 1#1: OS: Linux 5.15.49-1-MANJARO
2022/07/07 08:11:36 [notice] 1#1: getrlimit(RLIMIT_NOFILE): 1048576:1048576
2022/07/07 08:11:36 [notice] 1#1: start worker processes
2022/07/07 08:11:36 [notice] 1#1: start worker process 30
2022/07/07 08:11:36 [notice] 1#1: start worker process 31
2022/07/07 08:11:36 [notice] 1#1: start worker process 32
2022/07/07 08:11:36 [notice] 1#1: start worker process 33
